[Thu Jun 18 19:50:42 2026] PHP 8.4.17 Development Server (http://127.0.0.1:8001) started
[Thu Jun 18 19:51:27 2026] 127.0.0.1:52633 Accepted
[Thu Jun 18 19:51:27 2026] [info] Matched route "landing_index".
[Thu Jun 18 19:51:27 2026] [debug] Checking for authenticator support.
[Thu Jun 18 19:51:27 2026] [debug] Notified event "kernel.request" to listener "Symfony\Component\HttpKernel\EventListener\DebugHandlersListener::configure".
[Thu Jun 18 19:51:27 2026] [debug] Notified event "kernel.request" to listener "Symfony\Component\HttpKernel\EventListener\ValidateRequestListener::onKernelRequest".
[Thu Jun 18 19:51:27 2026] [debug] Notified event "kernel.request" to listener "Nelmio\CorsBundle\EventListener\CorsListener::onKernelRequest".
[Thu Jun 18 19:51:27 2026] [debug] Notified event "kernel.request" to listener "Symfony\Bridge\Doctrine\Middleware\IdleConnection\Listener::onKernelRequest".
[Thu Jun 18 19:51:27 2026] [debug] Notified event "kernel.request" to listener "Symfony\Component\HttpKernel\EventListener\SessionListener::onKernelRequest".
[Thu Jun 18 19:51:27 2026] [debug] Notified event "kernel.request" to listener "Symfony\Component\HttpKernel\EventListener\LocaleListener::setDefaultLocale".
[Thu Jun 18 19:51:27 2026] [debug] Notified event "kernel.request" to listener "App\EventSubscriber\DatabaseBootstrapSubscriber::onKernelRequest".
[Thu Jun 18 19:51:27 2026] [debug] Notified event "kernel.request" to listener "Symfony\Component\HttpKernel\EventListener\RouterListener::onKernelRequest".
[Thu Jun 18 19:51:27 2026] [debug] Notified event "kernel.request" to listener "Symfony\Component\HttpKernel\EventListener\LocaleListener::onKernelRequest".
[Thu Jun 18 19:51:27 2026] [debug] Notified event "kernel.request" to listener "Symfony\Component\HttpKernel\EventListener\LocaleAwareListener::onKernelRequest".
[Thu Jun 18 19:51:27 2026] [debug] Notified event "kernel.request" to listener "Symfony\Bundle\SecurityBundle\Debug\TraceableFirewallListener::configureLogoutUrlGenerator".
[Thu Jun 18 19:51:27 2026] [debug] Notified event "kernel.request" to listener "Symfony\Bundle\SecurityBundle\Debug\TraceableFirewallListener::onKernelRequest".
[Thu Jun 18 19:51:27 2026] [debug] Notified event "kernel.controller_arguments" to listener "Symfony\Component\HttpKernel\EventListener\IsSignatureValidAttributeListener::onKernelControllerArguments".
[Thu Jun 18 19:51:27 2026] [debug] Notified event "kernel.controller_arguments" to listener "Symfony\Component\Security\Http\EventListener\IsCsrfTokenValidAttributeListener::onKernelControllerArguments".
[Thu Jun 18 19:51:27 2026] [debug] Notified event "kernel.controller_arguments" to listener "Symfony\Component\Security\Http\EventListener\IsGrantedAttributeListener::onKernelControllerArguments".
[Thu Jun 18 19:51:27 2026] [debug] Notified event "kernel.controller_arguments" to listener "Symfony\Component\HttpKernel\EventListener\CacheAttributeListener::onKernelControllerArguments".
[Thu Jun 18 19:51:27 2026] [debug] Notified event "kernel.controller_arguments" to listener "Symfony\Component\HttpKernel\Controller\ArgumentResolver\RequestPayloadValueResolver::onKernelControllerArguments".
[Thu Jun 18 19:51:27 2026] [debug] Notified event "kernel.controller_arguments" to listener "Symfony\Component\HttpKernel\EventListener\ErrorListener::onControllerArguments".
[Thu Jun 18 19:51:27 2026] [debug] Notified event "kernel.response" to listener "Nelmio\CorsBundle\EventListener\CorsListener::onKernelResponse".
[Thu Jun 18 19:51:27 2026] [debug] Notified event "kernel.response" to listener "Symfony\Component\Security\Http\Firewall\ContextListener::onKernelResponse".
[Thu Jun 18 19:51:27 2026] [debug] Notified event "kernel.response" to listener "Symfony\Component\HttpKernel\EventListener\ResponseListener::onKernelResponse".
[Thu Jun 18 19:51:27 2026] [debug] Notified event "kernel.response" to listener "Symfony\Component\HttpKernel\EventListener\CacheAttributeListener::onKernelResponse".
[Thu Jun 18 19:51:27 2026] [debug] Notified event "kernel.response" to listener "Nelmio\CorsBundle\EventListener\CacheableResponseVaryListener::onResponse".
[Thu Jun 18 19:51:27 2026] [debug] Notified event "kernel.response" to listener "Symfony\Component\HttpKernel\EventListener\ErrorListener::removeCspHeader".
[Thu Jun 18 19:51:27 2026] [debug] Notified event "kernel.response" to listener "Symfony\Component\HttpKernel\EventListener\DisallowRobotsIndexingListener::onResponse".
[Thu Jun 18 19:51:27 2026] [debug] Notified event "kernel.response" to listener "Symfony\Component\HttpKernel\EventListener\SessionListener::onKernelResponse".
[Thu Jun 18 19:51:27 2026] [debug] Notified event "kernel.finish_request" to listener "Symfony\Component\HttpKernel\EventListener\LocaleListener::onKernelFinishRequest".
[Thu Jun 18 19:51:27 2026] [debug] Notified event "kernel.finish_request" to listener "Symfony\Component\HttpKernel\EventListener\RouterListener::onKernelFinishRequest".
[Thu Jun 18 19:51:27 2026] [debug] Notified event "kernel.finish_request" to listener "Symfony\Bundle\SecurityBundle\Debug\TraceableFirewallListener::onKernelFinishRequest".
[Thu Jun 18 19:51:27 2026] [debug] Notified event "kernel.finish_request" to listener "Symfony\Component\HttpKernel\EventListener\LocaleAwareListener::onKernelFinishRequest".
[Thu Jun 18 19:51:27 2026] 127.0.0.1:52633 [200]: GET /
[Thu Jun 18 19:51:27 2026] 127.0.0.1:52633 Closing
